2024-05-18 13:19:13,431 INFO  [Log] Appln Opened 
2024-05-18 13:19:21,628 INFO  [Log] Login Completed 
2024-05-18 13:19:23,759 INFO  [Log] Logout Completed 
2024-05-18 13:19:25,881 INFO  [Log] Appln Closed 
2024-05-20 11:51:06,627 INFO  [Log] Appln Opened 
2024-05-20 11:51:10,284 INFO  [Log] Login Completed 
2024-05-20 11:51:12,367 INFO  [Log] Logout Completed 
2024-05-20 11:51:14,455 INFO  [Log] Appln Closed 
2024-05-20 11:55:56,607 INFO  [Log] Appln Opened 
2024-05-20 11:55:59,763 INFO  [Log] Login Completed 
2024-05-20 11:56:01,855 INFO  [Log] Logout Completed 
2024-05-20 11:56:03,922 INFO  [Log] Appln Closed 
2024-05-20 16:40:12,971 INFO  [Log] Appln Opened 
2024-05-20 16:40:16,273 INFO  [Log] Login Completed 
2024-05-20 16:40:18,380 INFO  [Log] Logout Completed 
2024-05-20 16:40:20,484 INFO  [Log] Appln Closed 
2024-05-20 16:56:44,099 INFO  [Log] Appln Opened 
2024-05-20 16:56:47,032 INFO  [Log] Login Completed 
2024-05-20 16:56:49,128 INFO  [Log] Logout Completed 
2024-05-20 16:56:51,222 INFO  [Log] Appln Closed 
2024-05-20 16:58:16,461 INFO  [Log] Appln Opened 
2024-05-20 16:58:19,951 INFO  [Log] Login Completed 
2024-05-20 16:58:22,052 INFO  [Log] Logout Completed 
2024-05-20 16:58:24,151 INFO  [Log] Appln Closed 
2024-05-20 17:15:24,552 INFO  [Log] Appln Opened 
2024-05-20 17:15:27,663 INFO  [Log] Login Completed 
2024-05-20 17:15:29,761 INFO  [Log] Logout Completed 
2024-05-20 17:15:31,877 INFO  [Log] Appln Closed 
2024-05-20 17:32:31,603 INFO  [Log] Appln Opened 
2024-05-20 17:32:35,126 INFO  [Log] Login Completed 
2024-05-20 17:32:37,259 INFO  [Log] Logout Completed 
2024-05-20 17:48:04,160 INFO  [Log] Appln Opened 
2024-05-20 17:48:07,491 INFO  [Log] Login Completed 
2024-05-20 17:48:09,588 INFO  [Log] Logout Completed 
2024-05-20 17:48:11,700 INFO  [Log] Appln Closed 
2024-05-20 17:48:13,825 INFO  [Log] Appln Opened 
2024-05-20 17:48:17,159 INFO  [Log] Login Completed 
2024-05-20 17:48:24,207 INFO  [Log] Logout Completed 
2024-05-20 17:48:26,304 INFO  [Log] Appln Closed 
2024-05-20 17:54:03,925 INFO  [Log] Appln Opened 
2024-05-20 17:54:07,342 INFO  [Log] Login Completed 
2024-05-20 17:54:09,475 INFO  [Log] Logout Completed 
2024-05-20 17:54:11,645 INFO  [Log] Appln Closed 
2024-05-20 17:54:56,831 INFO  [Log] Appln Opened 
2024-05-20 17:54:59,862 INFO  [Log] Login Completed 
2024-05-20 17:55:01,947 INFO  [Log] Logout Completed 
2024-05-20 17:55:04,030 INFO  [Log] Appln Closed 
2024-05-20 17:55:05,877 INFO  [Log] Appln Opened 
2024-05-20 17:55:08,788 INFO  [Log] Login Completed 
2024-05-20 17:55:15,695 INFO  [Log] Logout Completed 
2024-05-20 17:55:17,778 INFO  [Log] Appln Closed 
2024-05-20 18:07:33,079 INFO  [Log] Appln Opened 
2024-05-20 18:07:36,304 INFO  [Log] Login Completed 
2024-05-20 18:07:38,435 INFO  [Log] Logout Completed 
2024-05-20 18:07:40,577 INFO  [Log] Appln Closed 
2024-05-20 18:08:05,957 INFO  [Log] Appln Opened 
2024-05-20 18:08:08,939 INFO  [Log] Login Completed 
2024-05-20 18:08:11,030 INFO  [Log] Logout Completed 
2024-05-20 18:08:13,137 INFO  [Log] Appln Closed 
2024-05-20 18:08:14,823 INFO  [Log] Appln Opened 
2024-05-20 18:08:18,177 INFO  [Log] Login Completed 
2024-05-20 18:08:24,611 INFO  [Log] Logout Completed 
2024-05-20 18:08:26,705 INFO  [Log] Appln Closed 
2024-05-20 19:24:59,293 INFO  [Log] Appln Opened 
2024-05-20 19:25:02,733 INFO  [Log] Login Completed 
2024-05-20 19:25:04,864 INFO  [Log] Logout Completed 
2024-05-20 19:25:07,044 INFO  [Log] Appln Closed 
2024-05-20 19:25:42,852 INFO  [Log] Appln Opened 
2024-05-20 19:25:46,531 INFO  [Log] Login Completed 
2024-05-20 19:25:48,621 INFO  [Log] Logout Completed 
2024-05-20 19:25:50,711 INFO  [Log] Appln Closed 
2024-05-20 19:25:52,403 INFO  [Log] Appln Opened 
2024-05-20 19:25:55,382 INFO  [Log] Login Completed 
2024-05-20 19:26:02,282 INFO  [Log] Logout Completed 
2024-05-20 19:26:04,349 INFO  [Log] Appln Closed 
2024-05-20 19:54:30,445 INFO  [Log] Appln Opened 
2024-05-20 19:54:33,756 INFO  [Log] Login Completed 
2024-05-20 19:54:35,849 INFO  [Log] Logout Completed 
2024-05-20 19:54:37,942 INFO  [Log] Appln Closed 
2024-05-20 19:54:39,686 INFO  [Log] Appln Opened 
2024-05-20 19:54:44,326 INFO  [Log] Login Completed 
2024-05-20 19:54:51,055 INFO  [Log] Logout Completed 
2024-05-20 19:54:53,155 INFO  [Log] Appln Closed 
2024-05-20 20:00:55,046 INFO  [Log] Appln Opened 
2024-05-20 20:01:01,982 INFO  [Log] Login Completed 
2024-05-20 20:01:04,084 INFO  [Log] Logout Completed 
2024-05-20 20:01:06,180 INFO  [Log] Appln Closed 
2024-05-20 20:01:08,028 INFO  [Log] Appln Opened 
2024-05-20 20:01:11,459 INFO  [Log] Login Completed 
2024-05-20 20:01:19,215 INFO  [Log] Logout Completed 
2024-05-20 20:01:21,309 INFO  [Log] Appln Closed 
2024-05-20 20:02:25,764 INFO  [Log] Appln Opened 
2024-05-20 20:02:28,639 INFO  [Log] Login Completed 
2024-05-20 20:02:30,724 INFO  [Log] Entered into frame 
2024-05-20 20:02:33,285 INFO  [Log] New Employee Added 
2024-05-20 20:02:35,311 INFO  [Log] Exited into frame 
2024-05-20 20:02:35,427 INFO  [Log] Logout Completed 
2024-05-20 20:02:37,574 INFO  [Log] Appln Closed 
2024-05-20 20:05:23,098 INFO  [Log] Appln Opened 
2024-05-20 20:05:27,601 INFO  [Log] Login Completed 
2024-05-20 20:05:29,699 INFO  [Log] Logout Completed 
2024-05-20 20:05:31,926 INFO  [Log] Appln Closed 
2024-05-20 20:05:34,222 INFO  [Log] Appln Opened 
2024-05-20 20:05:36,823 INFO  [Log] Login Completed 
2024-05-20 20:09:10,218 INFO  [Log] Appln Opened 
2024-05-20 20:09:13,204 INFO  [Log] Login Completed 
2024-05-20 20:09:15,306 INFO  [Log] Logout Completed 
2024-05-20 20:09:17,416 INFO  [Log] Appln Closed 
2024-05-20 20:09:19,213 INFO  [Log] Appln Opened 
2024-05-20 20:09:22,149 INFO  [Log] Login Completed 
2024-05-20 20:09:24,225 INFO  [Log] Entered into frame 
2024-05-20 20:09:26,824 INFO  [Log] New Employee Added 
2024-05-20 20:09:28,833 INFO  [Log] Exited into frame 
2024-05-20 20:09:28,917 INFO  [Log] Logout Completed 
2024-05-20 20:09:31,010 INFO  [Log] Appln Closed 
2024-05-21 11:07:26,606 INFO  [Log] Appln Opened 
2024-05-21 11:07:29,871 INFO  [Log] Login Completed 
2024-05-21 11:07:31,931 INFO  [Log] Logout Completed 
2024-05-21 11:07:33,979 INFO  [Log] Appln Closed 
2024-05-21 11:07:36,879 INFO  [Log] Appln Opened 
2024-05-21 11:07:40,139 INFO  [Log] Login Completed 
2024-05-21 11:07:42,182 INFO  [Log] Entered into frame 
2024-05-21 11:07:43,945 INFO  [Log] New Employee Added 
2024-05-21 11:07:45,952 INFO  [Log] Exited into frame 
2024-05-21 11:07:46,011 INFO  [Log] Logout Completed 
2024-05-21 11:07:48,107 INFO  [Log] Appln Closed 
